#
# There is insufficient memory for the Java Runtime Environment to continue.
# Native memory allocation (mmap) failed to map 132120576 bytes for G1 virtual space
# Possible reasons:
#   The system is out of physical RAM or swap space
#   The process is running with CompressedOops enabled, and the Java Heap may be blocking the growth of the native heap
# Possible solutions:
#   Reduce memory load on the system
#   Increase physical memory or swap space
#   Check if swap backing store is full
#   Decrease Java heap size (-Xmx/-Xms)
#   Decrease number of Java threads
#   Decrease Java thread stack sizes (-Xss)
#   Set larger code cache with -XX:ReservedCodeCacheSize=
#   JVM is running with Unscaled Compressed Oops mode in which the Java heap is
#     placed in the first 4GB address space. The Java Heap base address is the
#     maximum limit for the native heap growth. Please use -XX:HeapBaseMinAddress
#     to set the Java Heap base and to place the Java Heap above 4GB virtual address.
# This output file may be truncated or incomplete.
#
#  Out of Memory Error (os_windows.cpp:3536), pid=67436, tid=26476
#
# JRE version:  (19.0.2+7) (build )
# Java VM: Java HotSpot(TM) 64-Bit Server VM (19.0.2+7-44, mixed mode, sharing, tiered, compressed oops, compressed class ptrs, g1 gc, windows-amd64)
# No core dump will be written. Minidumps are not enabled by default on client versions of Windows
#

---------------  S U M M A R Y ------------

Command Line: -Dfile.encoding=UTF-8 --module-path=D:\Kuliah\Semester4\PBO\UAS_PBO\JavaApplication1\build\classes penjualan.frmLogin

Host: Intel(R) Core(TM) i7-10870H CPU @ 2.20GHz, 16 cores, 7G,  Windows 11 , 64 bit Build 22621 (10.0.22621.1778)
Time: Sun Jul  9 21:16:45 2023 SE Asia Standard Time elapsed time: 0.023614 seconds (0d 0h 0m 0s)

---------------  T H R E A D  ---------------

Current thread (0x0000015bdee87710):  JavaThread "Unknown thread" [_thread_in_vm, id=26476, stack(0x00000015eaa00000,0x00000015eab00000)]

Stack: [0x00000015eaa00000,0x00000015eab00000]
Native frames: (J=compiled Java code, j=interpreted, Vv=VM code, C=native code)
V  [jvm.dll+0x6ee21a]
V  [jvm.dll+0x85765e]
V  [jvm.dll+0x85904e]
V  [jvm.dll+0x859703]
V  [jvm.dll+0x28298f]
V  [jvm.dll+0x6eb009]
V  [jvm.dll+0x6dfbaa]
V  [jvm.dll+0x3573f6]
V  [jvm.dll+0x35ee56]
V  [jvm.dll+0x3b541e]
V  [jvm.dll+0x3b564f]
V  [jvm.dll+0x32c9ea]
V  [jvm.dll+0x32d89e]
V  [jvm.dll+0x821780]
V  [jvm.dll+0x3c2661]
V  [jvm.dll+0x801f51]
V  [jvm.dll+0x44ae8f]
V  [jvm.dll+0x44c811]
C  [jli.dll+0x5287]
C  [ucrtbase.dll+0x29363]
C  [KERNEL32.DLL+0x126ad]
C  [ntdll.dll+0x5a9f8]


---------------  P R O C E S S  ---------------

Threads class SMR info:
_java_thread_list=0x00007ff9c345d048, length=0, elements={
}

Java Threads: ( => current thread )

Other Threads:
  0x0000015bdeee7d30 WorkerThread "GC Thread#0" [stack: 0x00000015eab00000,0x00000015eac00000] [id=66648]
  0x0000015bdeef90b0 ConcurrentGCThread "G1 Main Marker" [stack: 0x00000015eac00000,0x00000015ead00000] [id=72244]
  0x0000015bdeef9ae0 WorkerThread "G1 Conc#0" [stack: 0x00000015ead00000,0x00000015eae00000] [id=62276]

[error occurred during error reporting (printing all threads), id 0xc0000005, EXCEPTION_ACCESS_VIOLATION (0xc0000005) at pc=0x00007ff9c2c1d427]

VM state: not at safepoint (not fully initialized)

VM Mutex/Monitor currently owned by a thread:  ([mutex/lock_event])
[0x0000015bdee829d0] Heap_lock - owner thread: 0x0000015bdee87710

Heap address: 0x0000000083400000, size: 1996 MB, Compressed Oops mode: 32-bit

CDS archive(s) mapped at: [0x0000000000000000-0x0000000000000000-0x0000000000000000), size 0, SharedBaseAddress: 0x0000000800000000, ArchiveRelocationMode: 0.
Narrow klass base: 0x0000000000000000, Narrow klass shift: 0, Narrow klass range: 0x0

GC Precious Log:
 CardTable entry size: 512
 Card Set container configuration: InlinePtr #cards 5 size 8 Array Of Cards #cards 12 size 40 Howl #buckets 4 coarsen threshold 1843 Howl Bitmap #cards 512 size 80 coarsen threshold 460 Card regions per heap region 1 cards per card region 2048

Heap:
 garbage-first heap   total 0K, used 0K [0x0000000083400000, 0x0000000100000000)
  region size 1024K, 0 young (0K), 0 survivors (0K)

[error occurred during error reporting (printing heap information), id 0xc0000005, EXCEPTION_ACCESS_VIOLATION (0xc0000005) at pc=0x00007ff9c3026649]

GC Heap History (0 events):
No events

Dll operation events (1 events):
Event: 0.014 Loaded shared library C:\Program Files\Java\jdk-19\bin\java.dll

Deoptimization events (0 events):
No events

Classes loaded (0 events):
No events

Classes unloaded (0 events):
No events

Classes redefined (0 events):
No events

Internal exceptions (0 events):
No events

VM Operations (0 events):
No events

Events (0 events):
No events


Dynamic libraries:
0x00007ff68b550000 - 0x00007ff68b560000 	C:\Program Files\Java\jdk-19\bin\java.exe
0x00007ffa79290000 - 0x00007ffa794a4000 	C:\WINDOWS\SYSTEM32\ntdll.dll
0x00007ffa78530000 - 0x00007ffa785f2000 	C:\WINDOWS\System32\KERNEL32.DLL
0x00007ffa769f0000 - 0x00007ffa76d93000 	C:\WINDOWS\System32\KERNELBASE.dll
0x00007ffa76e20000 - 0x00007ffa76f31000 	C:\WINDOWS\System32\ucrtbase.dll
0x00007ffa4ee30000 - 0x00007ffa4ee4b000 	C:\Program Files\Java\jdk-19\bin\VCRUNTIME140.dll
0x00007ffa708d0000 - 0x00007ffa708e8000 	C:\Program Files\Java\jdk-19\bin\jli.dll
0x00007ffa77ff0000 - 0x00007ffa7809e000 	C:\WINDOWS\System32\ADVAPI32.dll
0x00007ffa78e10000 - 0x00007ffa78eb7000 	C:\WINDOWS\System32\msvcrt.dll
0x00007ffa776e0000 - 0x00007ffa77784000 	C:\WINDOWS\System32\sechost.dll
0x00007ffa79130000 - 0x00007ffa79247000 	C:\WINDOWS\System32\RPCRT4.dll
0x00007ffa787b0000 - 0x00007ffa7895b000 	C:\WINDOWS\System32\USER32.dll
0x00007ffa76690000 - 0x00007ffa766b6000 	C:\WINDOWS\System32\win32u.dll
0x00007ffa6b450000 - 0x00007ffa6b6de000 	C:\WINDOWS\WinSxS\amd64_microsoft.windows.common-controls_6595b64144ccf1df_6.0.22621.1635_none_270f70857386168e\COMCTL32.dll
0x00007ffa77690000 - 0x00007ffa776b9000 	C:\WINDOWS\System32\GDI32.dll
0x00007ffa766c0000 - 0x00007ffa767d9000 	C:\WINDOWS\System32\gdi32full.dll
0x00007ffa76950000 - 0x00007ffa769ea000 	C:\WINDOWS\System32\msvcp_win.dll
0x00007ffa6bd60000 - 0x00007ffa6bd6a000 	C:\WINDOWS\SYSTEM32\VERSION.dll
0x00007ffa789c0000 - 0x00007ffa789f1000 	C:\WINDOWS\System32\IMM32.DLL
0x00007ffa5fbc0000 - 0x00007ffa5fbcc000 	C:\Program Files\Java\jdk-19\bin\vcruntime140_1.dll
0x00007ffa50890000 - 0x00007ffa5091e000 	C:\Program Files\Java\jdk-19\bin\msvcp140.dll
0x00007ff9c28e0000 - 0x00007ff9c35a0000 	C:\Program Files\Java\jdk-19\bin\server\jvm.dll
0x00007ffa538d0000 - 0x00007ffa538d9000 	C:\WINDOWS\SYSTEM32\WSOCK32.dll
0x00007ffa6a6c0000 - 0x00007ffa6a6f4000 	C:\WINDOWS\SYSTEM32\WINMM.dll
0x00007ffa780b0000 - 0x00007ffa78121000 	C:\WINDOWS\System32\WS2_32.dll
0x00007ffa75720000 - 0x00007ffa75738000 	C:\WINDOWS\SYSTEM32\kernel.appcore.dll
0x00007ffa5d730000 - 0x00007ffa5d73a000 	C:\Program Files\Java\jdk-19\bin\jimage.dll
0x00007ffa73930000 - 0x00007ffa73b5e000 	C:\WINDOWS\SYSTEM32\DBGHELP.DLL
0x00007ffa78a00000 - 0x00007ffa78d89000 	C:\WINDOWS\System32\combase.dll
0x00007ffa79050000 - 0x00007ffa79127000 	C:\WINDOWS\System32\OLEAUT32.dll
0x00007ffa6a840000 - 0x00007ffa6a872000 	C:\WINDOWS\SYSTEM32\dbgcore.DLL
0x00007ffa76da0000 - 0x00007ffa76e1b000 	C:\WINDOWS\System32\bcryptPrimitives.dll
0x00007ffa4ee00000 - 0x00007ffa4ee26000 	C:\Program Files\Java\jdk-19\bin\java.dll

dbghelp: loaded successfully - version: 4.0.5 - missing functions: none
symbol engine: initialized successfully - sym options: 0x614 - pdb path: .;C:\Program Files\Java\jdk-19\bin;C:\WINDOWS\SYSTEM32;C:\WINDOWS\WinSxS\amd64_microsoft.windows.common-controls_6595b64144ccf1df_6.0.22621.1635_none_270f70857386168e;C:\Program Files\Java\jdk-19\bin\server

VM Arguments:
jvm_args: -Dfile.encoding=UTF-8 --module-path=D:\Kuliah\Semester4\PBO\UAS_PBO\JavaApplication1\build\classes 
java_command: penjualan.frmLogin
java_class_path (initial): D:\Kuliah\Semester4\database\jcalendar-1.4.jar;D:\Kuliah\Semester4\database\mysql-connector-j-8.0.33\mysql-connector-j-8.0.33\mysql-connector-j-8.0.33.jar;D:\Kuliah\Semester4\PBO\UAS_PBO\JavaApplication1\build\classes
Launcher Type: SUN_STANDARD

[Global flags]
     intx CICompilerCount                          = 12                                        {product} {ergonomic}
     uint ConcGCThreads                            = 3                                         {product} {ergonomic}
     uint G1ConcRefinementThreads                  = 13                                        {product} {ergonomic}
   size_t G1HeapRegionSize                         = 1048576                                   {product} {ergonomic}
    uintx GCDrainStackTargetSize                   = 64                                        {product} {ergonomic}
   size_t InitialHeapSize                          = 132120576                                 {product} {ergonomic}
   size_t MarkStackSize                            = 4194304                                   {product} {ergonomic}
   size_t MaxHeapSize                              = 2092957696                                {product} {ergonomic}
   size_t MinHeapDeltaBytes                        = 1048576                                   {product} {ergonomic}
   size_t MinHeapSize                              = 8388608                                   {product} {ergonomic}
    uintx NonNMethodCodeHeapSize                   = 7602480                                {pd product} {ergonomic}
    uintx NonProfiledCodeHeapSize                  = 122027880                              {pd product} {ergonomic}
    uintx ProfiledCodeHeapSize                     = 122027880                              {pd product} {ergonomic}
    uintx ReservedCodeCacheSize                    = 251658240                              {pd product} {ergonomic}
     bool SegmentedCodeCache                       = true                                      {product} {ergonomic}
   size_t SoftMaxHeapSize                          = 2092957696                             {manageable} {ergonomic}
     bool UseCompressedClassPointers               = true                           {product lp64_product} {ergonomic}
     bool UseCompressedOops                        = true                           {product lp64_product} {ergonomic}
     bool UseG1GC                                  = true                                      {product} {ergonomic}
     bool UseLargePagesIndividualAllocation        = false                                  {pd product} {ergonomic}

Logging:
Log output configuration:
 #0: stdout all=warning uptime,level,tags foldmultilines=false
 #1: stderr all=off uptime,level,tags foldmultilines=false

Environment Variables:
PATH=C:\Program Files\Common Files\Oracle\Java\javapath;C:\Program Files (x86)\Common Files\Oracle\Java\javapath;C:\oraclexe\app\oracle\product\11.2.0\server\bin;;D:\app\Zauqy\product\19.0.0\dslmhome_2\bin;D:\app\Zauqy\product\19.0.0\dslmhome_1\bin;D:\ORACLE\app\oracle\product\11.2.0\server\bin;C:\oraclexe\app\oracle\product\11.2.0\server\bin;C:\Windows\system32;C:\Windows;C:\Windows\System32\Wbem;C:\Windows\System32\WindowsPowerShell\v1.0\;C:\Windows\System32\OpenSSH\;C:\Program Files (x86)\NVIDIA Corporation\PhysX\Common;C:\Program Files\NVIDIA Corporation\NVIDIA NvDLISR;C:\WINDOWS\system32;C:\WINDOWS;C:\WINDOWS\System32\Wbem;C:\WINDOWS\System32\WindowsPowerShell\v1.0\;C:\WINDOWS\System32\OpenSSH\;C:\Program Files\Git\cmd;C:\xampp\php;C:\ProgramData\ComposerSetup\bin;C:\Program Files\MATLAB\R2021b\runtime\win64;C:\Program Files\MATLAB\R2021b\bin;C:\Program Files\MySQL\MySQL Shell 8.0\bin\;C:\Users\orion\AppData\Local\Microsoft\WindowsApps;D:\Microsoft VS Code\bin;C:\Users\orion\AppData\Roaming\Composer\vendor\bin;C:\Users\orion\AppData\Local\Microsoft\WindowsApps;
USERNAME=orion
OS=Windows_NT
PROCESSOR_IDENTIFIER=Intel64 Family 6 Model 165 Stepping 2, GenuineIntel
TMP=C:\Users\orion\AppData\Local\Temp
TEMP=C:\Users\orion\AppData\Local\Temp



---------------  S Y S T E M  ---------------

OS:
 Windows 11 , 64 bit Build 22621 (10.0.22621.1778)
OS uptime: 2 days 19:34 hours
Hyper-V role detected

CPU: total 16 (initial active 16) (8 cores per cpu, 2 threads per core) family 6 model 165 stepping 2 microcode 0xe0, cx8, cmov, fxsr, ht, mmx, 3dnowpref, sse, sse2, sse3, ssse3, sse4.1, sse4.2, popcnt, lzcnt, tsc, tscinvbit, avx, avx2, aes, erms, clmul, bmi1, bmi2, adx, fma, vzeroupper, clflush, clflushopt, hv, rdtscp

Memory: 4k page, system-wide physical 7977M (546M free)
TotalPageFile size 20682M (AvailPageFile size 102M)
current process WorkingSet (physical memory assigned to process): 12M, peak: 12M
current process commit charge ("private bytes"): 70M, peak: 196M

vm_info: Java HotSpot(TM) 64-Bit Server VM (19.0.2+7-44) for windows-amd64 JRE (19.0.2+7-44), built on 2022-11-30T18:02:09Z by "mach5one" with MS VC++ 17.1 (VS2022)

END.
